2024-02-04 16:04:56,333 INFO Creatives dataframe read
2024-02-04 16:04:56,333 INFO Dataframe Creatives loaded from 24news_practice/internship/creatives.csv
2024-02-04 16:06:41,375 INFO Creatives dataframe read
2024-02-04 16:06:41,375 INFO Dataframe Creatives loaded from 24news_practice/internship/creatives.csv
2024-02-04 16:06:43,485 INFO Encoder loaded from  24news_practice/pickles/prep_tools_dict.pkl
2024-02-04 16:06:44,832 ERROR Download failed: Cannot retrieve the folder information from the link. You may need to change the permission to 'Anyone with the link'.
2024-02-04 16:07:48,126 INFO Creatives dataframe read
2024-02-04 16:07:48,126 INFO Dataframe Creatives loaded from 24news_practice/internship/creatives.csv
2024-02-04 16:07:48,552 INFO Encoder loaded from  24news_practice/pickles/prep_tools_dict.pkl
2024-02-04 16:07:49,785 ERROR Download failed: Cannot retrieve the folder information from the link. You may need to change the permission to 'Anyone with the link'.
2024-02-04 16:12:23,560 INFO Creatives dataframe read
2024-02-04 16:12:23,560 INFO Dataframe Creatives loaded from 24news_practice/internship/creatives.csv
2024-02-04 16:12:24,326 INFO Encoder loaded from  24news_practice/pickles/prep_tools_dict.pkl
2024-02-04 16:12:25,561 ERROR Download failed: Cannot retrieve the folder information from the link. You may need to change the permission to 'Anyone with the link'.
2024-02-04 16:22:07,985 INFO Creatives dataframe read
2024-02-04 16:22:07,986 INFO Dataframe Creatives loaded from 24news_practice/internship/creatives.csv
2024-02-04 16:22:08,087 INFO Encoder loaded from  24news_practice/pickles/prep_tools_dict.pkl
2024-02-04 16:22:09,271 ERROR Download failed: Cannot retrieve the folder information from the link. You may need to change the permission to 'Anyone with the link'.
2024-02-04 16:22:31,217 INFO Creatives dataframe read
2024-02-04 16:22:31,217 INFO Dataframe Creatives loaded from 24news_practice/internship/creatives.csv
2024-02-04 16:22:31,287 INFO Encoder loaded from  24news_practice/pickles/prep_tools_dict.pkl
2024-02-04 16:22:32,454 ERROR Download failed: Cannot retrieve the folder information from the link. You may need to change the permission to 'Anyone with the link'.
2024-02-04 16:34:18,464 INFO Creatives dataframe read
2024-02-04 16:34:18,465 INFO Dataframe Creatives loaded from 24news_practice/internship/creatives.csv
2024-02-04 16:34:18,610 INFO Encoder loaded from  24news_practice/pickles/prep_tools_dict.pkl
2024-02-04 16:34:19,842 ERROR Download failed: Cannot retrieve the folder information from the link. You may need to change the permission to 'Anyone with the link'.
2024-02-04 16:46:36,201 INFO Creatives dataframe read
2024-02-04 16:46:36,201 INFO Dataframe Creatives loaded from 24news_practice/internship/creatives.csv
2024-02-04 16:46:36,292 INFO Encoder loaded from  24news_practice/pickles/prep_tools_dict.pkl
2024-02-04 16:46:37,553 ERROR Download failed: Cannot retrieve the folder information from the link. You may need to change the permission to 'Anyone with the link'.
2024-02-04 17:25:24,321 INFO Creatives dataframe read
2024-02-04 17:25:24,321 INFO Dataframe Creatives loaded from 24news_practice/internship/creatives.csv
2024-02-04 17:25:24,906 INFO Encoder loaded from  24news_practice/pickles/prep_tools_dict.pkl
2024-02-04 17:25:28,505 ERROR Download failed: Cannot retrieve the folder information from the link. You may need to change the permission to 'Anyone with the link'.
2024-02-04 17:25:50,323 INFO Dataframe internship/clickhouse.csv read successfully
2024-02-04 17:26:10,039 INFO Dataframe buff/clickhouse.csv read successfully
2024-02-04 17:26:10,041 INFO Dataframe internship/creatives.csv read successfully
2024-02-04 17:26:10,071 INFO Dataframe buff/creatives.csv read successfully
2024-02-04 17:26:10,089 INFO Dataframe internship/leads.csv read successfully
2024-02-04 17:26:10,102 INFO Dataframe buff/leads.csv read successfully
2024-02-04 17:26:52,115 INFO Creatives dataframe read
2024-02-04 17:26:52,115 INFO Dataframe Creatives loaded from 24news_practice/internship/creatives.csv
2024-02-04 17:26:52,193 INFO Encoder loaded from  24news_practice/pickles/prep_tools_dict.pkl
2024-02-04 17:26:53,469 ERROR Download failed: Cannot retrieve the folder information from the link. You may need to change the permission to 'Anyone with the link'.
2024-02-04 17:27:14,949 INFO Dataframe internship/clickhouse.csv read successfully
2024-02-04 17:27:34,667 INFO Dataframe buff/clickhouse.csv read successfully
2024-02-04 17:27:34,669 INFO Dataframe internship/creatives.csv read successfully
2024-02-04 17:27:34,671 INFO Dataframe buff/creatives.csv read successfully
2024-02-04 17:27:34,675 INFO Dataframe internship/leads.csv read successfully
2024-02-04 17:27:34,678 INFO Dataframe buff/leads.csv read successfully
2024-02-04 17:29:02,576 INFO Full dataframe internship/clickhouse.csv saved successfully
2024-02-04 17:29:02,578 INFO Full dataframe internship/creatives.csv saved successfully
2024-02-04 17:29:02,591 INFO Full dataframe internship/leads.csv saved successfully
2024-02-04 17:32:16,379 INFO Train dataset preparation successfully
2024-02-04 17:32:16,380 ERROR Model fit error: 'HistGradientBoostingClassifier' object has no attribute 'model'
2024-02-04 17:34:04,069 INFO Creatives dataframe read
2024-02-04 17:34:04,070 INFO Dataframe Creatives loaded from 24news_practice/internship/creatives.csv
2024-02-04 17:34:04,211 INFO Encoder loaded from  24news_practice/pickles/prep_tools_dict.pkl
2024-02-04 17:34:05,498 ERROR Download failed: Cannot retrieve the folder information from the link. You may need to change the permission to 'Anyone with the link'.
2024-02-04 17:34:28,094 INFO Dataframe internship/clickhouse.csv read successfully
2024-02-04 17:34:37,324 INFO Creatives dataframe read
2024-02-04 17:34:37,324 INFO Dataframe Creatives loaded from 24news_practice/internship/creatives.csv
2024-02-04 17:34:37,415 INFO Encoder loaded from  24news_practice/pickles/prep_tools_dict.pkl
2024-02-04 17:34:38,651 ERROR Download failed: Cannot retrieve the folder information from the link. You may need to change the permission to 'Anyone with the link'.
2024-02-04 17:35:00,253 INFO Dataframe internship/clickhouse.csv read successfully
2024-02-04 17:35:10,068 INFO Creatives dataframe read
2024-02-04 17:35:10,068 INFO Dataframe Creatives loaded from 24news_practice/internship/creatives.csv
2024-02-04 17:35:10,146 INFO Encoder loaded from  24news_practice/pickles/prep_tools_dict.pkl
2024-02-04 17:35:11,416 ERROR Download failed: Cannot retrieve the folder information from the link. You may need to change the permission to 'Anyone with the link'.
2024-02-04 17:35:33,352 INFO Dataframe internship/clickhouse.csv read successfully
2024-02-04 17:35:52,885 INFO Dataframe buff/clickhouse.csv read successfully
2024-02-04 17:35:52,887 INFO Dataframe internship/creatives.csv read successfully
2024-02-04 17:35:52,889 INFO Dataframe buff/creatives.csv read successfully
2024-02-04 17:35:52,894 INFO Dataframe internship/leads.csv read successfully
2024-02-04 17:35:52,897 INFO Dataframe buff/leads.csv read successfully
2024-02-04 17:37:20,077 INFO Full dataframe internship/clickhouse.csv saved successfully
2024-02-04 17:37:20,085 INFO Full dataframe internship/creatives.csv saved successfully
2024-02-04 17:37:20,092 INFO Full dataframe internship/leads.csv saved successfully
2024-02-04 17:40:51,214 INFO Train dataset preparation successfully
2024-02-04 17:40:51,215 ERROR Model fit error: 'HistGradientBoostingClassifier' object has no attribute 'model'
2024-02-04 17:40:51,216 ERROR model_dict_ save error: [Errno 2] No such file or directory: '../pickles/model_dict_2024_02_04_17_40.pkl'
2024-02-04 17:44:37,660 INFO Creatives dataframe read
2024-02-04 17:44:37,660 INFO Dataframe Creatives loaded from 24news_practice/internship/creatives.csv
2024-02-04 17:44:37,802 INFO Encoder loaded from  24news_practice/pickles/prep_tools_dict.pkl
2024-02-04 17:44:39,228 ERROR Download failed: Cannot retrieve the folder information from the link. You may need to change the permission to 'Anyone with the link'.
2024-02-04 17:45:00,745 INFO Dataframe internship/clickhouse.csv read successfully
2024-02-04 17:45:20,646 INFO Dataframe buff/clickhouse.csv read successfully
2024-02-04 17:45:20,648 INFO Dataframe internship/creatives.csv read successfully
2024-02-04 17:45:20,652 INFO Dataframe buff/creatives.csv read successfully
2024-02-04 17:45:20,656 INFO Dataframe internship/leads.csv read successfully
2024-02-04 17:45:20,659 INFO Dataframe buff/leads.csv read successfully
2024-02-04 17:46:45,803 INFO Full dataframe internship/clickhouse.csv saved successfully
2024-02-04 17:46:45,807 INFO Full dataframe internship/creatives.csv saved successfully
2024-02-04 17:46:45,813 INFO Full dataframe internship/leads.csv saved successfully
2024-02-04 17:48:38,342 INFO Creatives dataframe read
2024-02-04 17:48:38,343 INFO Dataframe Creatives loaded from 24news_practice/internship/creatives.csv
2024-02-04 17:48:38,483 INFO Encoder loaded from  24news_practice/pickles/prep_tools_dict.pkl
2024-02-04 17:48:38,531 INFO Adding job tentatively -- it will be properly scheduled when the scheduler starts
2024-02-04 17:48:38,532 INFO Added job "model_training" to job store "default"
2024-02-04 17:48:38,532 INFO Scheduler started
2024-02-04 17:58:16,871 INFO Creatives dataframe read
2024-02-04 17:58:16,871 INFO Dataframe Creatives loaded from 24news_practice/internship/creatives.csv
2024-02-04 17:58:17,422 INFO Encoder loaded from  24news_practice/pickles/prep_tools_dict.pkl
2024-02-04 17:58:25,659 INFO Creatives dataframe read
2024-02-04 17:58:25,659 INFO Dataframe Creatives loaded from 24news_practice/internship/creatives.csv
2024-02-04 17:58:25,763 INFO Encoder loaded from  24news_practice/pickles/prep_tools_dict.pkl
2024-02-04 17:58:41,712 INFO Creatives dataframe read
2024-02-04 17:58:41,712 INFO Dataframe Creatives loaded from 24news_practice/internship/creatives.csv
2024-02-04 17:58:41,811 INFO Encoder loaded from  24news_practice/pickles/prep_tools_dict.pkl
2024-02-04 17:58:43,081 ERROR Download failed: Cannot retrieve the folder information from the link. You may need to change the permission to 'Anyone with the link'.
2024-02-04 17:59:04,714 INFO Dataframe internship/clickhouse.csv read successfully
2024-02-04 17:59:24,399 INFO Dataframe buff/clickhouse.csv read successfully
2024-02-04 17:59:24,401 INFO Dataframe internship/creatives.csv read successfully
2024-02-04 17:59:24,433 INFO Dataframe buff/creatives.csv read successfully
2024-02-04 17:59:24,451 INFO Dataframe internship/leads.csv read successfully
2024-02-04 17:59:24,461 INFO Dataframe buff/leads.csv read successfully
2024-02-04 18:00:50,766 INFO Full dataframe internship/clickhouse.csv saved successfully
2024-02-04 18:00:50,768 INFO Full dataframe internship/creatives.csv saved successfully
2024-02-04 18:00:50,774 INFO Full dataframe internship/leads.csv saved successfully
2024-02-04 18:04:07,009 INFO Train dataset preparation successfully
2024-02-04 18:04:07,009 ERROR Model fit error: 'HistGradientBoostingClassifier' object has no attribute 'model'
2024-02-04 18:04:07,010 ERROR model_dict_ save error: [Errno 2] No such file or directory: '../pickles/model_dict_2024_02_04_18_04.pkl'
2024-02-04 18:06:50,230 INFO Creatives dataframe read
2024-02-04 18:06:50,231 INFO Dataframe Creatives loaded from 24news_practice/internship/creatives.csv
2024-02-04 18:06:50,379 INFO Encoder loaded from  24news_practice/pickles/prep_tools_dict.pkl
2024-02-04 18:07:12,521 INFO Dataframe internship/clickhouse.csv read successfully
2024-02-04 18:07:32,765 INFO Dataframe buff/clickhouse.csv read successfully
2024-02-04 18:07:32,767 INFO Dataframe internship/creatives.csv read successfully
2024-02-04 18:07:32,770 INFO Dataframe buff/creatives.csv read successfully
2024-02-04 18:07:32,775 INFO Dataframe internship/leads.csv read successfully
2024-02-04 18:07:32,778 INFO Dataframe buff/leads.csv read successfully
2024-02-04 18:08:59,087 INFO Full dataframe internship/clickhouse.csv saved successfully
2024-02-04 18:08:59,089 INFO Full dataframe internship/creatives.csv saved successfully
2024-02-04 18:08:59,097 INFO Full dataframe internship/leads.csv saved successfully
2024-02-04 18:12:29,945 INFO Train dataset preparation successfully
2024-02-04 18:12:29,946 ERROR Model fit error: 'HistGradientBoostingClassifier' object has no attribute 'model'
2024-02-04 18:12:29,948 ERROR model_dict_ save error: [Errno 2] No such file or directory: '../pickles/model_dict_2024_02_04_18_12.pkl'
2024-02-04 18:13:03,057 INFO Creatives dataframe read
2024-02-04 18:13:03,057 INFO Dataframe Creatives loaded from 24news_practice/internship/creatives.csv
2024-02-04 18:13:03,196 INFO Encoder loaded from  24news_practice/pickles/prep_tools_dict.pkl
2024-02-04 18:13:24,850 INFO Dataframe internship/clickhouse.csv read successfully
2024-02-04 18:13:44,195 INFO Dataframe buff/clickhouse.csv read successfully
2024-02-04 18:13:44,197 INFO Dataframe internship/creatives.csv read successfully
2024-02-04 18:13:44,199 INFO Dataframe buff/creatives.csv read successfully
2024-02-04 18:13:44,204 INFO Dataframe internship/leads.csv read successfully
2024-02-04 18:13:44,207 INFO Dataframe buff/leads.csv read successfully
2024-02-04 18:15:10,127 INFO Full dataframe internship/clickhouse.csv saved successfully
2024-02-04 18:15:10,129 INFO Full dataframe internship/creatives.csv saved successfully
2024-02-04 18:15:10,135 INFO Full dataframe internship/leads.csv saved successfully
2024-02-04 18:18:34,840 INFO Train dataset preparation successfully
2024-02-04 18:45:18,075 INFO model HistGradientBoostingClassifier fit successfully
2024-02-04 18:45:18,088 ERROR model_dict_ save error: [Errno 2] No such file or directory: '../pickles/model_dict_2024_02_04_18_45.pkl'
2024-02-04 18:48:25,738 INFO Creatives dataframe read
2024-02-04 18:48:25,738 INFO Dataframe Creatives loaded from 24news_practice/internship/creatives.csv
2024-02-04 18:48:25,879 INFO Encoder loaded from  24news_practice/pickles/prep_tools_dict.pkl
2024-02-04 18:48:47,639 INFO Dataframe internship/clickhouse.csv read successfully
2024-02-04 18:49:08,259 INFO Dataframe buff/clickhouse.csv read successfully
2024-02-04 18:49:08,262 INFO Dataframe internship/creatives.csv read successfully
2024-02-04 18:49:08,264 INFO Dataframe buff/creatives.csv read successfully
2024-02-04 18:49:08,269 INFO Dataframe internship/leads.csv read successfully
2024-02-04 18:49:08,272 INFO Dataframe buff/leads.csv read successfully
2024-02-04 18:50:34,286 INFO Full dataframe internship/clickhouse.csv saved successfully
2024-02-04 18:50:34,290 INFO Full dataframe internship/creatives.csv saved successfully
2024-02-04 18:50:34,296 INFO Full dataframe internship/leads.csv saved successfully
2024-02-04 18:53:46,485 INFO Train dataset preparation successfully
2024-02-04 19:20:15,757 INFO model HistGradientBoostingClassifier fit successfully
2024-02-04 19:20:15,768 ERROR model_dict_ save error: [Errno 2] No such file or directory: '../pickles/model_dict_2024_02_04_19_20.pkl'
2024-02-04 19:22:04,929 INFO Creatives dataframe read
2024-02-04 19:22:04,929 INFO Dataframe Creatives loaded from 24news_practice/internship/creatives.csv
2024-02-04 19:22:05,071 INFO Encoder loaded from  24news_practice/pickles/prep_tools_dict.pkl
2024-02-04 19:22:27,826 INFO Dataframe internship/clickhouse.csv read successfully
2024-02-04 19:22:47,241 INFO Dataframe buff/clickhouse.csv read successfully
2024-02-04 19:22:47,244 INFO Dataframe internship/creatives.csv read successfully
2024-02-04 19:22:47,246 INFO Dataframe buff/creatives.csv read successfully
2024-02-04 19:22:47,253 INFO Dataframe internship/leads.csv read successfully
2024-02-04 19:22:47,255 INFO Dataframe buff/leads.csv read successfully
2024-02-04 19:24:12,167 INFO Full dataframe internship/clickhouse.csv saved successfully
2024-02-04 19:24:12,170 INFO Full dataframe internship/creatives.csv saved successfully
2024-02-04 19:24:12,177 INFO Full dataframe internship/leads.csv saved successfully
2024-02-04 19:27:38,229 INFO Train dataset preparation successfully
2024-02-04 19:54:34,802 INFO model HistGradientBoostingClassifier fit successfully
2024-02-04 19:54:34,982 INFO model_dict_ save successfully
