2024-02-05 13:42:39,724 INFO Creatives dataframe read
2024-02-05 13:42:39,724 INFO Dataframe Creatives loaded from 24news/internship/creatives.csv
2024-02-05 13:43:45,361 INFO Clickhouse dataframe read
2024-02-05 13:43:45,366 INFO Creatives dataframe read
2024-02-05 13:43:45,371 INFO Leads dataframe read
2024-02-05 13:43:57,973 INFO Encoder loaded from  24news/pickles/prep_tools_dict.pkl
2024-02-05 13:45:28,838 INFO API request received at 2024-02-05 13:45:28
2024-02-05 13:45:29,510 INFO API request processed at 2024-02-05 13:45:29
2024-02-05 13:47:41,715 INFO Creatives dataframe read
2024-02-05 13:47:41,715 INFO Dataframe Creatives loaded from 24news/internship/creatives.csv
2024-02-05 13:48:47,476 INFO Clickhouse dataframe read
2024-02-05 13:48:47,481 INFO Creatives dataframe read
2024-02-05 13:48:47,487 INFO Leads dataframe read
2024-02-05 13:49:00,391 INFO Encoder loaded from  24news/pickles/prep_tools_dict.pkl
2024-02-05 13:51:31,249 INFO Creatives dataframe read
2024-02-05 13:51:31,249 INFO Dataframe Creatives loaded from 24news/internship/creatives.csv
2024-02-05 13:52:37,166 INFO Clickhouse dataframe read
2024-02-05 13:52:37,171 INFO Creatives dataframe read
2024-02-05 13:52:37,177 INFO Leads dataframe read
2024-02-05 13:52:49,697 INFO Encoder loaded from  24news/pickles/prep_tools_dict.pkl
2024-02-05 13:53:30,386 INFO API request received at 2024-02-05 13:53:30
2024-02-05 13:53:31,049 INFO API request processed at 2024-02-05 13:53:31
2024-02-05 14:03:00,501 INFO Creatives dataframe read
2024-02-05 14:03:00,501 INFO Dataframe Creatives loaded from 24news/internship/creatives.csv
2024-02-05 14:04:05,557 INFO Clickhouse dataframe read
2024-02-05 14:04:05,565 INFO Creatives dataframe read
2024-02-05 14:04:05,570 INFO Leads dataframe read
2024-02-05 14:05:12,511 INFO Creatives dataframe read
2024-02-05 14:05:12,511 INFO Dataframe Creatives loaded from 24news/internship/creatives.csv
2024-02-05 14:06:19,285 INFO Clickhouse dataframe read
2024-02-05 14:06:19,290 INFO Creatives dataframe read
2024-02-05 14:06:19,296 INFO Leads dataframe read
2024-02-05 14:06:33,475 INFO Encoder loaded from  24news/pickles/prep_tools_dict.pkl
2024-02-05 14:08:58,787 INFO Creatives dataframe read
2024-02-05 14:08:58,787 INFO Dataframe Creatives loaded from 24news/internship/creatives.csv
2024-02-05 14:10:07,171 INFO Clickhouse dataframe read
2024-02-05 14:10:07,179 INFO Creatives dataframe read
2024-02-05 14:10:07,184 INFO Leads dataframe read
2024-02-05 14:10:19,634 INFO Encoder loaded from  24news/pickles/prep_tools_dict.pkl
2024-02-05 14:11:10,256 INFO Creatives dataframe read
2024-02-05 14:11:10,256 INFO Dataframe Creatives loaded from 24news/internship/creatives.csv
2024-02-05 14:12:16,699 INFO Clickhouse dataframe read
2024-02-05 14:12:16,708 INFO Creatives dataframe read
2024-02-05 14:12:16,714 INFO Leads dataframe read
2024-02-05 14:12:29,298 INFO Encoder loaded from  24news/pickles/prep_tools_dict.pkl
2024-02-05 14:13:01,365 INFO Creatives dataframe read
2024-02-05 14:13:01,365 INFO Dataframe Creatives loaded from 24news/internship/creatives.csv
2024-02-05 14:14:08,047 INFO Clickhouse dataframe read
2024-02-05 14:14:08,055 INFO Creatives dataframe read
2024-02-05 14:14:08,061 INFO Leads dataframe read
2024-02-05 14:14:20,936 INFO Encoder loaded from  24news/pickles/prep_tools_dict.pkl
2024-02-05 14:16:51,632 INFO Creatives dataframe read
2024-02-05 14:16:51,632 INFO Dataframe Creatives loaded from 24news/internship/creatives.csv
2024-02-05 14:17:58,842 INFO Clickhouse dataframe read
2024-02-05 14:17:58,851 INFO Creatives dataframe read
2024-02-05 14:17:58,857 INFO Leads dataframe read
2024-02-05 14:18:11,691 INFO Encoder loaded from  24news/pickles/prep_tools_dict.pkl
2024-02-05 14:18:30,791 INFO Creatives dataframe read
2024-02-05 14:18:30,791 INFO Dataframe Creatives loaded from 24news/internship/creatives.csv
2024-02-05 14:19:38,760 INFO Clickhouse dataframe read
2024-02-05 14:19:38,765 INFO Creatives dataframe read
2024-02-05 14:19:38,771 INFO Leads dataframe read
2024-02-05 14:19:51,412 INFO Encoder loaded from  24news/pickles/prep_tools_dict.pkl
2024-02-05 14:32:46,701 INFO Creatives dataframe read
2024-02-05 14:32:46,701 INFO Dataframe Creatives loaded from 24news/internship/creatives.csv
2024-02-05 14:33:53,511 INFO Clickhouse dataframe read
2024-02-05 14:33:53,519 INFO Creatives dataframe read
2024-02-05 14:33:53,525 INFO Leads dataframe read
2024-02-05 14:34:06,504 INFO Encoder loaded from  24news/pickles/prep_tools_dict.pkl
2024-02-05 14:34:45,750 INFO Creatives dataframe read
2024-02-05 14:34:45,750 INFO Dataframe Creatives loaded from 24news/internship/creatives.csv
2024-02-05 14:35:56,660 INFO Creatives dataframe read
2024-02-05 14:35:56,660 INFO Dataframe Creatives loaded from 24news/internship/creatives.csv
2024-02-05 14:37:03,421 INFO Clickhouse dataframe read
2024-02-05 14:37:03,429 INFO Creatives dataframe read
2024-02-05 14:37:03,435 INFO Leads dataframe read
2024-02-05 14:37:16,328 INFO Encoder loaded from  24news/pickles/prep_tools_dict.pkl
2024-02-05 14:40:59,671 INFO Creatives dataframe read
2024-02-05 14:40:59,671 INFO Dataframe Creatives loaded from 24news/internship/creatives.csv
2024-02-05 14:42:06,594 INFO Clickhouse dataframe read
2024-02-05 14:42:06,601 INFO Creatives dataframe read
2024-02-05 14:42:06,607 INFO Leads dataframe read
2024-02-05 14:42:19,346 INFO Encoder loaded from  24news/pickles/prep_tools_dict.pkl
2024-02-05 14:43:15,035 INFO Creatives dataframe read
2024-02-05 14:43:15,035 INFO Dataframe Creatives loaded from 24news/internship/creatives.csv
2024-02-05 14:44:21,820 INFO Clickhouse dataframe read
2024-02-05 14:44:21,829 INFO Creatives dataframe read
2024-02-05 14:44:21,834 INFO Leads dataframe read
2024-02-05 14:44:34,706 INFO Encoder loaded from  24news/pickles/prep_tools_dict.pkl
2024-02-05 14:44:36,374 INFO Creatives dataframe read
2024-02-05 14:44:36,374 INFO Dataframe Creatives loaded from 24news/internship/creatives.csv
2024-02-05 14:45:45,317 INFO Clickhouse dataframe read
2024-02-05 14:45:45,325 INFO Creatives dataframe read
2024-02-05 14:45:45,331 INFO Leads dataframe read
2024-02-05 14:45:58,486 INFO Encoder loaded from  24news/pickles/prep_tools_dict.pkl
2024-02-05 14:46:12,932 INFO API request received at 2024-02-05 14:46:12
2024-02-05 14:46:13,539 INFO API request processed at 2024-02-05 14:46:13
2024-02-05 15:05:23,819 INFO Creatives dataframe read
2024-02-05 15:05:23,819 INFO Dataframe Creatives loaded from 24news_practice/internship/creatives.csv
2024-02-05 15:06:28,716 INFO Clickhouse dataframe read
2024-02-05 15:06:28,724 INFO Creatives dataframe read
2024-02-05 15:06:28,730 INFO Leads dataframe read
2024-02-05 15:06:42,298 INFO Encoder loaded from  24news_practice/pickles/prep_tools_dict.pkl
2024-02-05 15:06:43,967 INFO Creatives dataframe read
2024-02-05 15:06:43,967 INFO Dataframe Creatives loaded from 24news_practice/internship/creatives.csv
2024-02-05 15:08:00,360 INFO Clickhouse dataframe read
2024-02-05 15:08:00,369 INFO Creatives dataframe read
2024-02-05 15:08:00,375 INFO Leads dataframe read
2024-02-05 15:08:13,527 INFO Encoder loaded from  24news_practice/pickles/prep_tools_dict.pkl
2024-02-05 15:08:19,733 INFO API request received at 2024-02-05 15:08:19
2024-02-05 15:08:20,431 INFO API request processed at 2024-02-05 15:08:20
2024-02-05 15:16:34,937 INFO Creatives dataframe read
2024-02-05 15:16:34,937 INFO Dataframe Creatives loaded from 24news_practice/internship/creatives.csv
2024-02-05 15:17:39,191 INFO Clickhouse dataframe read
2024-02-05 15:17:39,198 INFO Creatives dataframe read
2024-02-05 15:17:39,204 INFO Leads dataframe read
2024-02-05 15:17:53,017 INFO Encoder loaded from  24news_practice/pickles/prep_tools_dict.pkl
2024-02-05 15:17:54,725 INFO Creatives dataframe read
2024-02-05 15:17:54,725 INFO Dataframe Creatives loaded from 24news_practice/internship/creatives.csv
2024-02-05 15:19:03,097 INFO Clickhouse dataframe read
2024-02-05 15:19:03,104 INFO Creatives dataframe read
2024-02-05 15:19:03,110 INFO Leads dataframe read
2024-02-05 15:19:15,801 INFO Encoder loaded from  24news_practice/pickles/prep_tools_dict.pkl
2024-02-05 15:19:19,231 INFO API request received at 2024-02-05 15:19:19
2024-02-05 15:19:19,895 INFO API request processed at 2024-02-05 15:19:19
2024-02-05 15:19:28,079 INFO API request received at 2024-02-05 15:19:28
2024-02-05 15:19:28,642 INFO API request processed at 2024-02-05 15:19:28
2024-02-07 14:38:49,520 INFO Creatives dataframe read
2024-02-07 14:38:49,520 INFO Dataframe Creatives loaded from 24news_practice/internship/creatives.csv
2024-02-07 14:40:20,738 INFO Clickhouse dataframe read
2024-02-07 14:40:20,762 INFO Creatives dataframe read
2024-02-07 14:40:20,782 INFO Leads dataframe read
2024-02-07 14:40:37,649 INFO Encoder loaded from  24news_practice/pickles/prep_tools_dict.pkl
2024-02-07 14:40:39,392 INFO Creatives dataframe read
2024-02-07 14:40:39,392 INFO Dataframe Creatives loaded from 24news_practice/internship/creatives.csv
2024-02-07 14:42:01,858 INFO Clickhouse dataframe read
2024-02-07 14:42:01,867 INFO Creatives dataframe read
2024-02-07 14:42:01,873 INFO Leads dataframe read
2024-02-07 14:42:16,178 INFO Encoder loaded from  24news_practice/pickles/prep_tools_dict.pkl
2024-02-07 14:50:54,515 INFO API request received at 2024-02-07 14:50:54
2024-02-07 14:50:55,281 INFO API request processed at 2024-02-07 14:50:55
2024-02-07 14:50:58,145 INFO API request received at 2024-02-07 14:50:58
2024-02-07 14:50:58,705 INFO API request processed at 2024-02-07 14:50:58
2024-02-07 14:50:59,706 INFO API request received at 2024-02-07 14:50:59
2024-02-07 14:51:00,253 INFO API request processed at 2024-02-07 14:51:00
2024-02-07 14:53:12,890 INFO Creatives dataframe read
2024-02-07 14:53:12,890 INFO Dataframe Creatives loaded from 24news_practice/internship/creatives.csv
2024-02-07 14:54:30,900 INFO Clickhouse dataframe read
2024-02-07 14:54:30,910 INFO Creatives dataframe read
2024-02-07 14:54:30,916 INFO Leads dataframe read
2024-02-07 14:54:44,671 INFO Encoder loaded from  24news_practice/pickles/prep_tools_dict.pkl
2024-02-07 14:54:44,680 INFO Creatives dataframe read
2024-02-07 14:54:44,681 INFO Dataframe Creatives loaded from 24news_practice/internship/creatives.csv
2024-02-07 14:55:41,221 INFO Creatives dataframe read
2024-02-07 14:55:41,221 INFO Dataframe Creatives loaded from 24news_practice/internship/creatives.csv
2024-02-07 14:56:56,521 INFO Clickhouse dataframe read
2024-02-07 14:56:56,531 INFO Creatives dataframe read
2024-02-07 14:56:56,537 INFO Leads dataframe read
2024-02-07 14:57:10,371 INFO Encoder loaded from  24news_practice/pickles/prep_tools_dict.pkl
2024-02-07 14:57:10,380 INFO Creatives dataframe read
2024-02-07 14:57:10,380 INFO Dataframe Creatives loaded from 24news_practice/internship/creatives.csv
2024-02-07 14:57:47,007 INFO Creatives dataframe read
2024-02-07 14:57:47,007 INFO Dataframe Creatives loaded from 24news_practice/internship/creatives.csv
2024-02-07 14:58:58,474 INFO Clickhouse dataframe read
2024-02-07 14:58:58,482 INFO Creatives dataframe read
2024-02-07 14:58:58,489 INFO Leads dataframe read
2024-02-07 14:59:12,676 INFO Encoder loaded from  24news_practice/pickles/prep_tools_dict.pkl
2024-02-07 14:59:12,686 INFO Creatives dataframe read
2024-02-07 14:59:12,686 INFO Dataframe Creatives loaded from 24news_practice/internship/creatives.csv
2024-02-07 14:59:14,439 INFO Creatives dataframe read
2024-02-07 14:59:14,439 INFO Dataframe Creatives loaded from 24news_practice/internship/creatives.csv
2024-02-07 15:00:30,483 INFO Clickhouse dataframe read
2024-02-07 15:00:30,493 INFO Creatives dataframe read
2024-02-07 15:00:30,500 INFO Leads dataframe read
2024-02-07 15:00:45,519 INFO Encoder loaded from  24news_practice/pickles/prep_tools_dict.pkl
2024-02-07 15:00:45,529 INFO Creatives dataframe read
2024-02-07 15:00:45,529 INFO Dataframe Creatives loaded from 24news_practice/internship/creatives.csv
2024-02-07 15:01:01,264 INFO API request received at 2024-02-07 15:01:01
2024-02-07 15:01:01,672 INFO API request processed at 2024-02-07 15:01:01
2024-02-07 15:15:18,428 INFO Creatives dataframe read
2024-02-07 15:15:18,428 INFO Dataframe Creatives loaded from 24news_practice/internship/creatives.csv
2024-02-07 15:16:43,277 INFO Clickhouse dataframe read
2024-02-07 15:16:43,286 INFO Creatives dataframe read
2024-02-07 15:16:43,292 INFO Leads dataframe read
2024-02-07 15:16:57,309 INFO Encoder loaded from  24news_practice/pickles/prep_tools_dict.pkl
2024-02-07 15:16:57,319 INFO Creatives dataframe read
2024-02-07 15:16:57,319 INFO Dataframe Creatives loaded from 24news_practice/internship/creatives.csv
2024-02-07 15:16:59,125 INFO Creatives dataframe read
2024-02-07 15:16:59,126 INFO Dataframe Creatives loaded from 24news_practice/internship/creatives.csv
2024-02-07 15:18:12,958 INFO Clickhouse dataframe read
2024-02-07 15:18:12,971 INFO Creatives dataframe read
2024-02-07 15:18:12,980 INFO Leads dataframe read
2024-02-07 15:18:27,320 INFO Encoder loaded from  24news_practice/pickles/prep_tools_dict.pkl
2024-02-07 15:18:27,329 INFO Creatives dataframe read
2024-02-07 15:18:27,329 INFO Dataframe Creatives loaded from 24news_practice/internship/creatives.csv
2024-02-07 15:18:43,619 INFO API request received at 2024-02-07 15:18:43
2024-02-07 15:18:44,130 INFO API request processed at 2024-02-07 15:18:44
2024-02-07 15:18:45,123 INFO API request received at 2024-02-07 15:18:45
2024-02-07 15:18:45,496 INFO API request processed at 2024-02-07 15:18:45
2024-02-07 15:18:46,246 INFO API request received at 2024-02-07 15:18:46
2024-02-07 15:18:46,645 INFO API request processed at 2024-02-07 15:18:46
2024-02-07 15:18:47,329 INFO API request received at 2024-02-07 15:18:47
2024-02-07 15:18:47,682 INFO API request processed at 2024-02-07 15:18:47
2024-02-07 15:18:48,479 INFO API request received at 2024-02-07 15:18:48
2024-02-07 15:18:48,846 INFO API request processed at 2024-02-07 15:18:48
2024-02-12 10:41:01,191 INFO Creatives dataframe read
2024-02-12 10:41:01,196 INFO Dataframe Creatives loaded from 24news_practice/internship/creatives.csv
2024-02-12 10:42:21,455 INFO Clickhouse dataframe read
2024-02-12 10:42:21,463 INFO Creatives dataframe read
2024-02-12 10:42:21,481 INFO Leads dataframe read
2024-02-12 10:42:37,617 INFO Encoder loaded from  24news_practice/pickles/prep_tools_dict.pkl
2024-02-12 10:42:37,627 INFO Creatives dataframe read
2024-02-12 10:42:37,627 INFO Dataframe Creatives loaded from 24news_practice/internship/creatives.csv
2024-02-12 10:42:39,349 INFO Creatives dataframe read
2024-02-12 10:42:39,350 INFO Dataframe Creatives loaded from 24news_practice/internship/creatives.csv
2024-02-12 10:43:54,390 INFO Clickhouse dataframe read
2024-02-12 10:43:54,399 INFO Creatives dataframe read
2024-02-12 10:43:54,405 INFO Leads dataframe read
2024-02-12 10:44:07,737 INFO Encoder loaded from  24news_practice/pickles/prep_tools_dict.pkl
2024-02-12 10:44:07,754 INFO Creatives dataframe read
2024-02-12 10:44:07,755 INFO Dataframe Creatives loaded from 24news_practice/internship/creatives.csv
2024-02-12 10:45:03,124 INFO API request received at 2024-02-12 10:45:03
2024-02-12 10:45:03,655 INFO API request processed at 2024-02-12 10:45:03
2024-02-12 10:48:54,517 INFO Creatives dataframe read
2024-02-12 10:48:54,517 INFO Dataframe Creatives loaded from 24news_practice/internship/creatives.csv
2024-02-12 10:50:03,837 INFO Clickhouse dataframe read
2024-02-12 10:50:03,844 INFO Creatives dataframe read
2024-02-12 10:50:03,850 INFO Leads dataframe read
2024-02-12 12:56:04,068 INFO Creatives dataframe read
2024-02-12 12:56:04,068 INFO Dataframe Creatives loaded from 24news_practice/internship/creatives.csv
2024-02-12 12:57:08,130 INFO Clickhouse dataframe read
2024-02-12 12:57:08,139 INFO Creatives dataframe read
2024-02-12 12:57:08,145 INFO Leads dataframe read
2024-02-12 12:57:44,165 INFO Loaded model from disk  24news_practice/pickles/model.json
2024-02-12 12:57:44,182 INFO Creatives dataframe read
2024-02-12 12:57:44,183 INFO Dataframe Creatives loaded from 24news_practice/internship/creatives.csv
2024-02-12 12:57:49,314 INFO Creatives dataframe read
2024-02-12 12:57:49,314 INFO Dataframe Creatives loaded from 24news_practice/internship/creatives.csv
2024-02-12 12:58:54,194 INFO Clickhouse dataframe read
2024-02-12 12:58:54,204 INFO Creatives dataframe read
2024-02-12 12:58:54,210 INFO Leads dataframe read
2024-02-12 12:59:29,862 INFO Loaded model from disk  24news_practice/pickles/model.json
2024-02-12 12:59:29,880 INFO Creatives dataframe read
2024-02-12 12:59:29,880 INFO Dataframe Creatives loaded from 24news_practice/internship/creatives.csv
2024-02-12 12:59:42,976 INFO API request received at 2024-02-12 12:59:42
2024-02-12 12:59:43,546 INFO API request processed at 2024-02-12 12:59:43
2024-02-12 12:59:49,435 INFO API request received at 2024-02-12 12:59:49
2024-02-12 12:59:49,830 INFO API request processed at 2024-02-12 12:59:49
2024-02-12 12:59:50,459 INFO API request received at 2024-02-12 12:59:50
2024-02-12 12:59:50,850 INFO API request processed at 2024-02-12 12:59:50
2024-02-12 12:59:51,475 INFO API request received at 2024-02-12 12:59:51
2024-02-12 12:59:51,864 INFO API request processed at 2024-02-12 12:59:51
2024-02-12 12:59:52,567 INFO API request received at 2024-02-12 12:59:52
2024-02-12 12:59:52,955 INFO API request processed at 2024-02-12 12:59:52
2024-02-22 12:44:27,295 INFO Creatives dataframe read
2024-02-22 12:44:27,298 INFO Dataframe Creatives loaded from 24news_practice/internship/creatives.csv
2024-02-22 12:45:37,119 INFO Clickhouse dataframe read
2024-02-22 12:45:37,127 INFO Creatives dataframe read
2024-02-22 12:45:37,140 INFO Leads dataframe read
2024-02-22 12:46:12,142 INFO Loaded model from disk  24news_practice/pickles/model.json
2024-02-22 12:46:12,162 INFO Creatives dataframe read
2024-02-22 12:46:12,163 INFO Dataframe Creatives loaded from 24news_practice/internship/creatives.csv
2024-02-22 12:46:17,337 INFO Creatives dataframe read
2024-02-22 12:46:17,337 INFO Dataframe Creatives loaded from 24news_practice/internship/creatives.csv
2024-02-22 12:47:22,518 INFO Clickhouse dataframe read
2024-02-22 12:47:22,528 INFO Creatives dataframe read
2024-02-22 12:47:22,535 INFO Leads dataframe read
2024-02-22 12:47:57,416 INFO Loaded model from disk  24news_practice/pickles/model.json
2024-02-22 12:47:57,436 INFO Creatives dataframe read
2024-02-22 12:47:57,436 INFO Dataframe Creatives loaded from 24news_practice/internship/creatives.csv
2024-02-22 12:48:56,794 INFO API request received at 2024-02-22 12:48:56
2024-02-22 12:48:58,120 INFO API request processed at 2024-02-22 12:48:58
2024-02-22 12:49:00,789 INFO API request received at 2024-02-22 12:49:00
2024-02-22 12:49:01,188 INFO API request processed at 2024-02-22 12:49:01
2024-02-22 12:49:02,078 INFO API request received at 2024-02-22 12:49:02
2024-02-22 12:49:02,481 INFO API request processed at 2024-02-22 12:49:02
2024-02-22 13:00:23,504 INFO Creatives dataframe read
2024-02-22 13:00:23,504 INFO Dataframe Creatives loaded from 24news_practice/internship/creatives.csv
2024-02-22 13:01:26,076 INFO Clickhouse dataframe read
2024-02-22 13:01:26,085 INFO Creatives dataframe read
2024-02-22 13:01:26,092 INFO Leads dataframe read
2024-02-22 13:03:34,581 INFO Creatives dataframe read
2024-02-22 13:03:34,581 INFO Dataframe Creatives loaded from 24news_practice/internship/creatives.csv
2024-02-22 13:04:37,547 INFO Clickhouse dataframe read
2024-02-22 13:04:37,561 INFO Creatives dataframe read
2024-02-22 13:04:37,568 INFO Leads dataframe read
2024-02-22 13:04:52,496 INFO Loaded model from disk  24news_practice/pickles/tf_model.json
2024-02-22 13:04:52,514 INFO Creatives dataframe read
2024-02-22 13:04:52,514 INFO Dataframe Creatives loaded from 24news_practice/internship/creatives.csv
2024-02-22 13:04:57,579 INFO Creatives dataframe read
2024-02-22 13:04:57,579 INFO Dataframe Creatives loaded from 24news_practice/internship/creatives.csv
2024-02-22 13:06:01,062 INFO Clickhouse dataframe read
2024-02-22 13:06:01,071 INFO Creatives dataframe read
2024-02-22 13:06:01,077 INFO Leads dataframe read
2024-02-22 13:06:16,071 INFO Loaded model from disk  24news_practice/pickles/tf_model.json
2024-02-22 13:06:16,089 INFO Creatives dataframe read
2024-02-22 13:06:16,090 INFO Dataframe Creatives loaded from 24news_practice/internship/creatives.csv
2024-02-22 13:07:28,089 INFO API request received at 2024-02-22 13:07:28
2024-02-22 13:13:33,665 INFO Creatives dataframe read
2024-02-22 13:13:33,665 INFO Dataframe Creatives loaded from 24news_practice/internship/creatives.csv
2024-02-22 13:14:35,865 INFO Clickhouse dataframe read
2024-02-22 13:14:35,874 INFO Creatives dataframe read
2024-02-22 13:14:35,880 INFO Leads dataframe read
2024-02-22 13:14:50,460 INFO Loaded model from disk  24news_practice/pickles/tf_model.json
2024-02-22 13:14:50,482 INFO Creatives dataframe read
2024-02-22 13:14:50,482 INFO Dataframe Creatives loaded from 24news_practice/internship/creatives.csv
2024-02-22 13:14:56,785 INFO Creatives dataframe read
2024-02-22 13:14:56,785 INFO Dataframe Creatives loaded from 24news_practice/internship/creatives.csv
2024-02-22 13:15:56,887 INFO Creatives dataframe read
2024-02-22 13:15:56,887 INFO Dataframe Creatives loaded from 24news_practice/internship/creatives.csv
2024-02-22 13:16:59,804 INFO Clickhouse dataframe read
2024-02-22 13:16:59,812 INFO Creatives dataframe read
2024-02-22 13:16:59,819 INFO Leads dataframe read
2024-02-22 13:17:14,659 INFO Loaded model from disk  24news_practice/pickles/tf_model.json
2024-02-22 13:17:14,678 INFO Creatives dataframe read
2024-02-22 13:17:14,678 INFO Dataframe Creatives loaded from 24news_practice/internship/creatives.csv
2024-02-22 13:17:19,971 INFO Creatives dataframe read
2024-02-22 13:17:19,971 INFO Dataframe Creatives loaded from 24news_practice/internship/creatives.csv
2024-02-22 13:18:23,667 INFO Clickhouse dataframe read
2024-02-22 13:18:23,676 INFO Creatives dataframe read
2024-02-22 13:18:23,682 INFO Leads dataframe read
2024-02-22 13:18:38,366 INFO Loaded model from disk  24news_practice/pickles/tf_model.json
2024-02-22 13:18:38,385 INFO Creatives dataframe read
2024-02-22 13:18:38,385 INFO Dataframe Creatives loaded from 24news_practice/internship/creatives.csv
2024-02-22 13:18:57,637 INFO API request received at 2024-02-22 13:18:57
2024-02-22 13:19:32,083 INFO Creatives dataframe read
2024-02-22 13:19:32,083 INFO Dataframe Creatives loaded from 24news_practice/internship/creatives.csv
2024-02-22 13:20:38,241 INFO Clickhouse dataframe read
2024-02-22 13:20:38,249 INFO Creatives dataframe read
2024-02-22 13:20:38,256 INFO Leads dataframe read
2024-02-22 13:20:53,064 INFO Loaded model from disk  24news_practice/pickles/tf_model.json
2024-02-22 13:20:53,082 INFO Creatives dataframe read
2024-02-22 13:20:53,082 INFO Dataframe Creatives loaded from 24news_practice/internship/creatives.csv
2024-02-22 13:20:58,400 INFO API request received at 2024-02-22 13:20:58
2024-02-22 13:27:20,391 INFO Creatives dataframe read
2024-02-22 13:27:20,392 INFO Dataframe Creatives loaded from 24news_practice/internship/creatives.csv
2024-02-22 13:28:22,029 INFO Clickhouse dataframe read
2024-02-22 13:28:22,037 INFO Creatives dataframe read
2024-02-22 13:28:22,043 INFO Leads dataframe read
2024-02-22 13:28:36,874 INFO Loaded model from disk  24news_practice/pickles/tf_model.json
2024-02-22 13:28:36,892 INFO Creatives dataframe read
2024-02-22 13:28:36,892 INFO Dataframe Creatives loaded from 24news_practice/internship/creatives.csv
2024-02-22 13:28:44,990 INFO Creatives dataframe read
2024-02-22 13:28:44,991 INFO Dataframe Creatives loaded from 24news_practice/internship/creatives.csv
2024-02-22 13:29:48,721 INFO Clickhouse dataframe read
2024-02-22 13:29:48,729 INFO Creatives dataframe read
2024-02-22 13:29:48,736 INFO Leads dataframe read
2024-02-22 13:30:03,307 INFO Loaded model from disk  24news_practice/pickles/tf_model.json
2024-02-22 13:30:03,327 INFO Creatives dataframe read
2024-02-22 13:30:03,327 INFO Dataframe Creatives loaded from 24news_practice/internship/creatives.csv
2024-02-22 13:30:23,215 INFO API request received at 2024-02-22 13:30:23
2024-02-22 13:30:23,689 INFO API request processed at 2024-02-22 13:30:23
2024-02-22 13:30:37,929 INFO API request received at 2024-02-22 13:30:37
2024-02-22 13:30:38,210 INFO API request processed at 2024-02-22 13:30:38
2024-02-22 13:30:38,924 INFO API request received at 2024-02-22 13:30:38
2024-02-22 13:30:39,202 INFO API request processed at 2024-02-22 13:30:39
2024-02-22 13:30:39,804 INFO API request received at 2024-02-22 13:30:39
2024-02-22 13:30:40,079 INFO API request processed at 2024-02-22 13:30:40
2024-02-22 13:30:40,708 INFO API request received at 2024-02-22 13:30:40
2024-02-22 13:30:40,981 INFO API request processed at 2024-02-22 13:30:40
2024-02-26 13:41:00,157 ERROR Creatives dataframe read error: [Errno 2] No such file or directory: '24news_practice/internship/creatives.csv'
2024-02-26 13:41:00,157 INFO Dataframe Creatives loaded from 24news_practice/internship/creatives.csv
2024-02-26 13:44:06,027 INFO Creatives dataframe read
2024-02-26 13:44:06,027 INFO Dataframe Creatives loaded from 24news_practice/internship/creatives.csv
2024-02-26 13:44:06,029 ERROR Clickhouse dataframe read error: [Errno 2] No such file or directory: '24news_practice/internship/clickhouse.csv'
2024-02-26 13:44:06,033 INFO Creatives dataframe read
2024-02-26 13:44:06,040 INFO Leads dataframe read
2024-02-26 13:45:47,793 INFO Creatives dataframe read
2024-02-26 13:45:47,794 INFO Dataframe Creatives loaded from 24news_practice/internship/creatives.csv
2024-02-26 13:46:50,781 INFO Clickhouse dataframe read
2024-02-26 13:46:50,790 INFO Creatives dataframe read
2024-02-26 13:46:50,796 INFO Leads dataframe read
2024-02-26 13:47:07,992 INFO Loaded model from disk  24news_practice/pickles/tf_model.json
2024-02-26 13:47:08,012 INFO Creatives dataframe read
2024-02-26 13:47:08,012 INFO Dataframe Creatives loaded from 24news_practice/internship/creatives.csv
2024-02-26 13:47:13,138 INFO Creatives dataframe read
2024-02-26 13:47:13,139 INFO Dataframe Creatives loaded from 24news_practice/internship/creatives.csv
2024-02-26 13:48:20,347 INFO Clickhouse dataframe read
2024-02-26 13:48:20,357 INFO Creatives dataframe read
2024-02-26 13:48:20,378 INFO Leads dataframe read
2024-02-26 13:48:38,027 INFO Loaded model from disk  24news_practice/pickles/tf_model.json
2024-02-26 13:48:38,047 INFO Creatives dataframe read
2024-02-26 13:48:38,047 INFO Dataframe Creatives loaded from 24news_practice/internship/creatives.csv
2024-02-26 13:48:42,495 INFO API request received at 2024-02-26 13:48:42
2024-02-26 13:48:42,986 INFO API request processed at 2024-02-26 13:48:42
2024-02-26 13:53:11,515 INFO Creatives dataframe read
2024-02-26 13:53:11,515 INFO Dataframe Creatives loaded from 24news_practice/internship/creatives.csv
2024-02-26 13:54:13,799 INFO Clickhouse dataframe read
2024-02-26 13:54:13,807 INFO Creatives dataframe read
2024-02-26 13:54:13,814 INFO Leads dataframe read
2024-02-26 13:54:29,910 INFO Loaded model from disk  24news_practice/pickles/tf_model.json
2024-02-26 13:54:29,929 INFO Creatives dataframe read
2024-02-26 13:54:29,929 INFO Dataframe Creatives loaded from 24news_practice/internship/creatives.csv
2024-02-26 13:54:35,135 INFO Creatives dataframe read
2024-02-26 13:54:35,135 INFO Dataframe Creatives loaded from 24news_practice/internship/creatives.csv
2024-02-26 13:55:41,104 INFO Clickhouse dataframe read
2024-02-26 13:55:41,119 INFO Creatives dataframe read
2024-02-26 13:55:41,126 INFO Leads dataframe read
2024-02-26 13:55:58,909 INFO Loaded model from disk  24news_practice/pickles/tf_model.json
2024-02-26 13:55:58,929 INFO Creatives dataframe read
2024-02-26 13:55:58,929 INFO Dataframe Creatives loaded from 24news_practice/internship/creatives.csv
2024-02-26 13:56:03,548 INFO API request received at 2024-02-26 13:56:03
2024-02-26 13:56:04,019 INFO API request processed at 2024-02-26 13:56:04
2024-02-26 14:18:07,591 ERROR Creatives dataframe read error: [Errno 2] No such file or directory: '24news_practice/practice/internship/creatives.csv'
2024-02-26 14:18:07,591 INFO Dataframe Creatives loaded from 24news_practice/practice/internship/creatives.csv
2024-02-26 14:19:20,971 INFO Creatives dataframe read
2024-02-26 14:19:20,972 INFO Dataframe Creatives loaded from practice/internship/creatives.csv
2024-02-26 14:20:23,581 INFO Clickhouse dataframe read
2024-02-26 14:20:23,590 INFO Creatives dataframe read
2024-02-26 14:20:23,597 INFO Leads dataframe read
2024-02-26 14:20:40,101 INFO Loaded model from disk  practice/pickles/tf_model.json
2024-02-26 14:20:40,121 INFO Creatives dataframe read
2024-02-26 14:20:40,121 INFO Dataframe Creatives loaded from practice/internship/creatives.csv
2024-02-26 14:21:35,694 INFO Creatives dataframe read
2024-02-26 14:21:35,694 INFO Dataframe Creatives loaded from practice/internship/creatives.csv
2024-02-26 14:22:39,360 INFO Clickhouse dataframe read
2024-02-26 14:22:39,370 INFO Creatives dataframe read
2024-02-26 14:22:39,377 INFO Leads dataframe read
2024-02-26 14:22:55,697 INFO Loaded model from disk  practice/pickles/tf_model.json
2024-02-26 14:22:55,716 INFO Creatives dataframe read
2024-02-26 14:22:55,716 INFO Dataframe Creatives loaded from practice/internship/creatives.csv
2024-02-26 14:23:49,985 INFO Creatives dataframe read
2024-02-26 14:23:49,985 INFO Dataframe Creatives loaded from practice/internship/creatives.csv
2024-02-26 14:24:41,251 INFO Creatives dataframe read
2024-02-26 14:24:41,252 INFO Dataframe Creatives loaded from practice/internship/creatives.csv
2024-02-26 14:25:43,783 INFO Clickhouse dataframe read
2024-02-26 14:25:43,793 INFO Creatives dataframe read
2024-02-26 14:25:43,799 INFO Leads dataframe read
2024-02-26 14:25:58,388 INFO Loaded model from disk  practice/pickles/tf_model.json
2024-02-26 14:25:58,408 INFO Creatives dataframe read
2024-02-26 14:25:58,408 INFO Dataframe Creatives loaded from practice/internship/creatives.csv
2024-02-26 14:26:03,674 INFO Creatives dataframe read
2024-02-26 14:26:03,674 INFO Dataframe Creatives loaded from practice/internship/creatives.csv
2024-02-26 14:27:15,920 INFO Clickhouse dataframe read
2024-02-26 14:27:15,930 INFO Creatives dataframe read
2024-02-26 14:27:15,937 INFO Leads dataframe read
2024-02-26 14:27:33,350 INFO Loaded model from disk  practice/pickles/tf_model.json
2024-02-26 14:27:33,371 INFO Creatives dataframe read
2024-02-26 14:27:33,371 INFO Dataframe Creatives loaded from practice/internship/creatives.csv
2024-02-26 14:27:59,144 INFO API request received at 2024-02-26 14:27:59
2024-02-26 14:27:59,631 INFO API request processed at 2024-02-26 14:27:59
